<?xml version="1.0" encoding="UTF-8"?>
<testsuite name="org.example.PSSetTest" tests="4" skipped="0" failures="0" errors="0" timestamp="2023-05-12T00:03:01" hostname="wifi-roaming-128-4-96-111.wifi.udel.edu" time="0.024">
  <properties/>
  <testcase name="unionTest()" classname="org.example.PSSetTest" time="0.019"/>
  <testcase name="getBestPartialSolutionTest2()" classname="org.example.PSSetTest" time="0.001"/>
  <testcase name="getBestPartialSolutionTest()" classname="org.example.PSSetTest" time="0.001"/>
  <testcase name="removeTest()" classname="org.example.PSSetTest" time="0.002"/>
  <system-out><![CDATA[(1, 1) (0, 1) (1, 1) (2, 1) (1, 1) (1, 0) (1, 1) (1, 2) 
(1, 1) (0, 1) (1, 1) (2, 1) (1, 1) (1, 0) (1, 1) (1, 2) 
(1, 1) 
(1, 1) (0, 1) (1, 1) (2, 1) (1, 1) (1, 0) (1, 1) (1, 2) 
(1, 1) (0, 1) : 
(1, 1) (2, 1) : 
(1, 1) (1, 0) : 
(1, 1) (1, 2) : 
]]></system-out>
  <system-err><![CDATA[]]></system-err>
</testsuite>
