<?xml version="1.0" encoding="UTF-8"?>
<testsuite name="org.example.PathTest" tests="1" skipped="0" failures="0" errors="0" timestamp="2023-05-10T02:15:42" hostname="wifi-roaming-128-4-141-247.wifi.udel.edu" time="0.012">
  <properties/>
  <testcase name="moveTestDown()" classname="org.example.PathTest" time="0.012"/>
  <system-out><![CDATA[B E 
S _ 

B E _ 
S _ _ 
_ _ _ 

org.example.Path@5be46f9d
org.example.Path@3f91b517
]]></system-out>
  <system-err><![CDATA[]]></system-err>
</testsuite>
