<?xml version="1.0" encoding="UTF-8"?>
<testsuite name="org.example.MainTest" tests="1" skipped="0" failures="0" errors="0" timestamp="2023-05-17T00:42:03" hostname="wifi-roaming-128-4-129-201.wifi.udel.edu" time="0.052">
  <properties/>
  <testcase name="solveMazeTest5()" classname="org.example.MainTest" time="0.052"/>
  <system-out><![CDATA[1
3
1
3
elapsed:3
# of expansions:2

2
0
1
0
1
1
1
1
1
1
2
1
1
1
1
1
elapsed:1
# of expansions:10

1
1
1
1
1
1
2
1
1
1
2
1
1
2
2
2
1
2
2
2
1
3
2
3
1
3
1
3
2
3
2
4
1
4
1
4
elapsed:4
# of expansions:28

1
0
1
1
2
1
1
1
2
1
2
1
2
1
2
2
1
2
1
2
elapsed:2
# of expansions:38

2
0
2
0
2
0
2
1
1
1
2
1
2
1
2
1
1
1
3
1
2
2
3
2
1
2
2
2
1
2
3
2
2
2
1
3
0
3
1
3
2
3
2
3
2
3
1
4
2
4
3
4
2
4
1
4
2
4
3
5
2
5
0
5
3
5
3
5
1
6
1
6
1
6
1
6
2
6
1
6
1
7
0
7
2
7
2
7
2
7
1
7
1
7
1
7
2
7
1
8
2
8
2
8
2
8
2
8
0
8
2
9
2
9
1
9
2
9
2
9
2
9
1
10
2
10
2
10
1
10
2
10
1
10
2
10
1
10
1
11
2
11
2
11
1
11
1
11
2
11
1
11
0
11
1
12
1
12
1
12
1
12
2
12
2
12
2
12
1
13
2
13
3
13
2
13
0
13
3
13
3
14
1
14
1
14
1
14
1
14
2
14
1
14
1
15
0
15
2
15
3
15
3
15
2
15
1
15
1
15
1
15
2
15
1
16
2
16
2
16
2
16
0
16
2
16
1
17
1
17
1
17
1
17
2
17
2
17
2
17
2
17
1
17
1
18
2
18
1
18
1
18
1
18
0
18
1
18
2
18
1
18
2
18
2
19
2
19
0
19
1
19
2
19
1
19
1
19
0
19
1
19
1
19
1
20
2
20
0
20
1
20
1
20
0
20
0
20
1
21
1
21
1
21
1
21
1
21
1
21
1
21
1
22
1
22
1
22
1
22
1
22
1
22
1
22
1
22
1
22
1
22
1
22
1
22
elapsed:22
# of expansions:206

1
0
1
1
1
1
1
1
1
1
1
1
1
1
1
1
1
1
1
1
1
1
1
1
1
2
1
2
1
2
1
2
1
2
1
2
1
2
1
2
1
2
1
2
1
2
1
2
1
2
1
3
1
3
1
3
1
3
1
3
1
3
1
3
1
3
1
3
1
3
1
3
1
3
1
3
1
3
1
3
1
3
1
3
1
4
1
4
elapsed:4
# of expansions:250

1
0
2
0
1
0
2
0
1
0
1
0
1
0
1
0
1
0
1
0
1
1
1
1
1
1
1
1
1
1
1
1
1
1
2
1
elapsed:1
# of expansions:268

]]></system-out>
  <system-err><![CDATA[]]></system-err>
</testsuite>
